{"LEVEL":"INFO","TIME":"2023-10-30T01:44:38.335+0300","CALLER":"routes/middelware.go:48","MESSAGE":"uri /update/gauge/TotalAlloc/573032 method POST duration 48.058µs status 200 size 49 content application/json body &{0xc0005121c8 <nil> <nil> false true {0 0} true true false 0x1241680}"}
{"LEVEL":"INFO","TIME":"2023-10-30T01:44:38.336+0300","CALLER":"routes/middelware.go:48","MESSAGE":"uri /update/gauge/HeapAlloc/573032 method POST duration 122.162µs status 200 size 48 content application/json body &{0xc000013200 <nil> <nil> false true {0 0} true true false 0x1241680}"}
{"LEVEL":"INFO","TIME":"2023-10-30T01:44:38.337+0300","CALLER":"routes/middelware.go:48","MESSAGE":"uri /update/gauge/StackInuse/458752 method POST duration 39.739µs status 200 size 49 content application/json body &{0xc000013230 <nil> <nil> false true {0 0} true true false 0x1241680}"}
{"LEVEL":"INFO","TIME":"2023-10-30T01:44:38.337+0300","CALLER":"routes/middelware.go:48","MESSAGE":"uri /update/gauge/Sys/1.3483024e+07 method POST duration 55.318µs status 200 size 44 content application/json body &{0xc0005121f8 <nil> <nil> false true {0 0} true true false 0x1241680}"}
{"LEVEL":"INFO","TIME":"2023-10-30T01:44:38.337+0300","CALLER":"routes/middelware.go:48","MESSAGE":"uri /update/gauge/Frees/153 method POST duration 79.89µs status 200 size 41 content application/json body &{0xc000512228 <nil> <nil> false true {0 0} true true false 0x1241680}"}
{"LEVEL":"INFO","TIME":"2023-10-30T01:44:38.338+0300","CALLER":"routes/middelware.go:48","MESSAGE":"uri /update/gauge/HeapObjects/3786 method POST duration 43.834µs status 200 size 48 content application/json body &{0xc000512258 <nil> <nil> false true {0 0} true true false 0x1241680}"}
{"LEVEL":"INFO","TIME":"2023-10-30T01:44:38.338+0300","CALLER":"routes/middelware.go:48","MESSAGE":"uri /update/gauge/NumGC/0 method POST duration 60.77µs status 200 size 39 content application/json body &{0xc0000aa138 <nil> <nil> false true {0 0} true true false 0x1241680}"}
{"LEVEL":"INFO","TIME":"2023-10-30T01:44:38.339+0300","CALLER":"routes/middelware.go:48","MESSAGE":"uri /update/gauge/StackSys/458752 method POST duration 29.646µs status 200 size 47 content application/json body &{0xc0000aa1c8 <nil> <nil> false true {0 0} true true false 0x1241680}"}
{"LEVEL":"INFO","TIME":"2023-10-30T01:44:38.339+0300","CALLER":"routes/middelware.go:48","MESSAGE":"uri /update/gauge/BuckHashSys/3965 method POST duration 50.839µs status 200 size 48 content application/json body &{0xc000512288 <nil> <nil> false true {0 0} true true false 0x1241680}"}
{"LEVEL":"INFO","TIME":"2023-10-30T01:44:38.339+0300","CALLER":"routes/middelware.go:48","MESSAGE":"uri /update/gauge/Lookups/0 method POST duration 26.611µs status 200 size 41 content application/json body &{0xc0005122b8 <nil> <nil> false true {0 0} true true false 0x1241680}"}
{"LEVEL":"INFO","TIME":"2023-10-30T01:44:38.340+0300","CALLER":"routes/middelware.go:48","MESSAGE":"uri /update/gauge/Alloc/573032 method POST duration 43.363µs status 200 size 44 content application/json body &{0xc0005122e8 <nil> <nil> false true {0 0} true true false 0x1241680}"}
{"LEVEL":"INFO","TIME":"2023-10-30T01:44:38.340+0300","CALLER":"routes/middelware.go:48","MESSAGE":"uri /update/counter/PollCount/10 method POST duration 29.421µs status 200 size 46 content application/json body &{0xc0000aa1f8 <nil> <nil> false true {0 0} true true false 0x1241680}"}
{"LEVEL":"INFO","TIME":"2023-10-30T01:44:48.342+0300","CALLER":"routes/middelware.go:48","MESSAGE":"uri /update/gauge/BuckHashSys/3965 method POST duration 101.328µs status 200 size 48 content application/json body &{0xc0004ac3f0 <nil> <nil> false true {0 0} true true false 0x1241680}"}
{"LEVEL":"INFO","TIME":"2023-10-30T01:44:48.343+0300","CALLER":"routes/middelware.go:48","MESSAGE":"uri /update/gauge/HeapObjects/6331 method POST duration 113.997µs status 200 size 48 content application/json body &{0xc0000aa228 <nil> <nil> false true {0 0} true true false 0x1241680}"}
{"LEVEL":"INFO","TIME":"2023-10-30T01:44:48.344+0300","CALLER":"routes/middelware.go:48","MESSAGE":"uri /update/gauge/NumGC/0 method POST duration 53.893µs status 200 size 39 content application/json body &{0xc000512318 <nil> <nil> false true {0 0} true true false 0x1241680}"}
{"LEVEL":"INFO","TIME":"2023-10-30T01:44:48.344+0300","CALLER":"routes/middelware.go:48","MESSAGE":"uri /update/gauge/StackSys/458752 method POST duration 80.271µs status 200 size 47 content application/json body &{0xc000512348 <nil> <nil> false true {0 0} true true false 0x1241680}"}
{"LEVEL":"INFO","TIME":"2023-10-30T01:44:48.345+0300","CALLER":"routes/middelware.go:48","MESSAGE":"uri /update/gauge/Alloc/764336 method POST duration 48.946µs status 200 size 44 content application/json body &{0xc0000aa258 <nil> <nil> false true {0 0} true true false 0x1241680}"}
{"LEVEL":"INFO","TIME":"2023-10-30T01:44:48.345+0300","CALLER":"routes/middelware.go:48","MESSAGE":"uri /update/gauge/Lookups/0 method POST duration 55.184µs status 200 size 41 content application/json body &{0xc0004ac420 <nil> <nil> false true {0 0} true true false 0x1241680}"}
{"LEVEL":"INFO","TIME":"2023-10-30T01:44:48.346+0300","CALLER":"routes/middelware.go:48","MESSAGE":"uri /update/gauge/RandomValue/6.071319362911875 method POST duration 89.234µs status 200 size 61 content application/json body &{0xc0000aa288 <nil> <nil> false true {0 0} true true false 0x1241680}"}
{"LEVEL":"INFO","TIME":"2023-10-30T01:44:48.346+0300","CALLER":"routes/middelware.go:48","MESSAGE":"uri /update/gauge/HeapInuse/1.47456e+06 method POST duration 37.858µs status 200 size 49 content application/json body &{0xc0000aa2b8 <nil> <nil> false true {0 0} true true false 0x1241680}"}
{"LEVEL":"INFO","TIME":"2023-10-30T01:44:48.346+0300","CALLER":"routes/middelware.go:48","MESSAGE":"uri /update/gauge/MSpanSys/48816 method POST duration 69.744µs status 200 size 46 content application/json body &{0xc0000aa2e8 <nil> <nil> false true {0 0} true true false 0x1241680}"}
{"LEVEL":"INFO","TIME":"2023-10-30T01:44:48.347+0300","CALLER":"routes/middelware.go:48","MESSAGE":"uri /update/gauge/Mallocs/6611 method POST duration 54.115µs status 200 size 44 content application/json body &{0xc0000aa318 <nil> <nil> false true {0 0} true true false 0x1241680}"}
{"LEVEL":"INFO","TIME":"2023-10-30T01:44:48.347+0300","CALLER":"routes/middelware.go:48","MESSAGE":"uri /update/gauge/OtherSys/1.133907e+06 method POST duration 65.755µs status 200 size 48 content application/json body &{0xc000512378 <nil> <nil> false true {0 0} true true false 0x1241680}"}
{"LEVEL":"INFO","TIME":"2023-10-30T01:44:48.348+0300","CALLER":"routes/middelware.go:48","MESSAGE":"uri /update/gauge/HeapIdle/2.260992e+06 method POST duration 39.364µs status 200 size 48 content application/json body &{0xc0000aa348 <nil> <nil> false true {0 0} true true false 0x1241680}"}
{"LEVEL":"INFO","TIME":"2023-10-30T01:44:48.348+0300","CALLER":"routes/middelware.go:48","MESSAGE":"uri /update/gauge/MCacheInuse/4800 method POST duration 47.216µs status 200 size 48 content application/json body &{0xc0004ac450 <nil> <nil> false true {0 0} true true false 0x1241680}"}
{"LEVEL":"INFO","TIME":"2023-10-30T01:44:48.348+0300","CALLER":"routes/middelware.go:48","MESSAGE":"uri /update/gauge/GCCPUFraction/0 method POST duration 60.618µs status 200 size 47 content application/json body &{0xc0004ac480 <nil> <nil> false true {0 0} true true false 0x1241680}"}
{"LEVEL":"INFO","TIME":"2023-10-30T01:44:48.349+0300","CALLER":"routes/middelware.go:48","MESSAGE":"uri /update/gauge/GCSys/8.086432e+06 method POST duration 48.786µs status 200 size 45 content application/json body &{0xc0000aa378 <nil> <nil> false true {0 0} true true false 0x1241680}"}
{"LEVEL":"INFO","TIME":"2023-10-30T01:44:48.349+0300","CALLER":"routes/middelware.go:48","MESSAGE":"uri /update/gauge/LastGC/0 method POST duration 95.635µs status 200 size 40 content application/json body &{0xc0000aa3a8 <nil> <nil> false true {0 0} true true false 0x1241680}"}
{"LEVEL":"INFO","TIME":"2023-10-30T01:44:48.350+0300","CALLER":"routes/middelware.go:48","MESSAGE":"uri /update/gauge/NextGC/4.194304e+06 method POST duration 71.098µs status 200 size 46 content application/json body &{0xc0004ac4b0 <nil> <nil> false true {0 0} true true false 0x1241680}"}
{"LEVEL":"INFO","TIME":"2023-10-30T01:44:48.350+0300","CALLER":"routes/middelware.go:48","MESSAGE":"uri /update/gauge/HeapReleased/2.260992e+06 method POST duration 32.774µs status 200 size 52 content application/json body &{0xc0004ac4e0 <nil> <nil> false true {0 0} true true false 0x1241680}"}
{"LEVEL":"INFO","TIME":"2023-10-30T01:44:48.351+0300","CALLER":"routes/middelware.go:48","MESSAGE":"uri /update/gauge/MCacheSys/15600 method POST duration 57.772µs status 200 size 47 content application/json body &{0xc0004ac510 <nil> <nil> false true {0 0} true true false 0x1241680}"}
{"LEVEL":"INFO","TIME":"2023-10-30T01:44:48.351+0300","CALLER":"routes/middelware.go:48","MESSAGE":"uri /update/gauge/MSpanInuse/48816 method POST duration 34.099µs status 200 size 48 content application/json body &{0xc0005123a8 <nil> <nil> false true {0 0} true true false 0x1241680}"}
{"LEVEL":"INFO","TIME":"2023-10-30T01:44:48.352+0300","CALLER":"routes/middelware.go:48","MESSAGE":"uri /update/gauge/TotalAlloc/764336 method POST duration 37.789µs status 200 size 49 content application/json body &{0xc0005123d8 <nil> <nil> false true {0 0} true true false 0x1241680}"}
{"LEVEL":"INFO","TIME":"2023-10-30T01:44:48.352+0300","CALLER":"routes/middelware.go:48","MESSAGE":"uri /update/gauge/HeapAlloc/764336 method POST duration 72.401µs status 200 size 48 content application/json body &{0xc0004ac540 <nil> <nil> false true {0 0} true true false 0x1241680}"}
{"LEVEL":"INFO","TIME":"2023-10-30T01:44:48.352+0300","CALLER":"routes/middelware.go:48","MESSAGE":"uri /update/gauge/HeapSys/3.735552e+06 method POST duration 41.036µs status 200 size 47 content application/json body &{0xc000512408 <nil> <nil> false true {0 0} true true false 0x1241680}"}
{"LEVEL":"INFO","TIME":"2023-10-30T01:44:48.353+0300","CALLER":"routes/middelware.go:48","MESSAGE":"uri /update/gauge/NumForcedGC/0 method POST duration 47.284µs status 200 size 45 content application/json body &{0xc000512438 <nil> <nil> false true {0 0} true true false 0x1241680}"}
{"LEVEL":"INFO","TIME":"2023-10-30T01:44:48.353+0300","CALLER":"routes/middelware.go:48","MESSAGE":"uri /update/gauge/PauseTotalNs/0 method POST duration 31.172µs status 200 size 46 content application/json body &{0xc0004ac570 <nil> <nil> false true {0 0} true true false 0x1241680}"}
{"LEVEL":"INFO","TIME":"2023-10-30T01:44:48.353+0300","CALLER":"routes/middelware.go:48","MESSAGE":"uri /update/gauge/Frees/280 method POST duration 149.307µs status 200 size 41 content application/json body &{0xc0004ac5a0 <nil> <nil> false true {0 0} true true false 0x1241680}"}
{"LEVEL":"INFO","TIME":"2023-10-30T01:44:48.354+0300","CALLER":"routes/middelware.go:48","MESSAGE":"uri /update/gauge/StackInuse/458752 method POST duration 34.399µs status 200 size 49 content application/json body &{0xc000512468 <nil> <nil> false true {0 0} true true false 0x1241680}"}
{"LEVEL":"INFO","TIME":"2023-10-30T01:44:48.354+0300","CALLER":"routes/middelware.go:48","MESSAGE":"uri /update/gauge/Sys/1.3483024e+07 method POST duration 43.313µs status 200 size 44 content application/json body &{0xc000512498 <nil> <nil> false true {0 0} true true false 0x1241680}"}
{"LEVEL":"INFO","TIME":"2023-10-30T01:44:48.354+0300","CALLER":"routes/middelware.go:48","MESSAGE":"uri /update/counter/PollCount/13 method POST duration 69.049µs status 200 size 46 content application/json body &{0xc0005124c8 <nil> <nil> false true {0 0} true true false 0x1241680}"}
{"LEVEL":"ERROR","TIME":"2023-10-30T01:49:28.168+0300","CALLER":"server/server.go:33","MESSAGE":"sync /dev/stdout: inappropriate ioctl for device"}
{"LEVEL":"INFO","TIME":"2023-10-30T01:49:28.168+0300","CALLER":"server/server.go:34","MESSAGE":"Start Service API Metrics"}
{"LEVEL":"INFO","TIME":"2023-10-30T01:49:28.168+0300","CALLER":"server/server.go:36","MESSAGE":"AppVersion: InfoLevel"}
{"LEVEL":"ERROR","TIME":"2023-10-30T01:52:33.408+0300","CALLER":"server/server.go:33","MESSAGE":"sync /dev/stdout: inappropriate ioctl for device"}
{"LEVEL":"INFO","TIME":"2023-10-30T01:52:33.408+0300","CALLER":"server/server.go:34","MESSAGE":"Start Service API Metrics"}
{"LEVEL":"INFO","TIME":"2023-10-30T01:52:33.408+0300","CALLER":"server/server.go:36","MESSAGE":"AppVersion: InfoLevel"}
{"LEVEL":"INFO","TIME":"2023-10-30T01:52:44.627+0300","CALLER":"routes/middelware.go:54","MESSAGE":"uri /update/gauge/Frees/14 method POST duration 274.588µs status 200 size 40 content application/json %!(EXTRA string={\"id\":\"Frees\",\"type\":\"gauge\",\"value\":14})"}
{"LEVEL":"INFO","TIME":"2023-10-30T01:52:44.628+0300","CALLER":"routes/middelware.go:54","MESSAGE":"uri /update/gauge/GCCPUFraction/0 method POST duration 43.574µs status 200 size 47 content application/json %!(EXTRA string={\"id\":\"GCCPUFraction\",\"type\":\"gauge\",\"value\":0})"}
{"LEVEL":"INFO","TIME":"2023-10-30T01:52:44.628+0300","CALLER":"routes/middelware.go:54","MESSAGE":"uri /update/gauge/PauseTotalNs/0 method POST duration 35.429µs status 200 size 46 content application/json %!(EXTRA string={\"id\":\"PauseTotalNs\",\"type\":\"gauge\",\"value\":0})"}
{"LEVEL":"INFO","TIME":"2023-10-30T01:52:44.629+0300","CALLER":"routes/middelware.go:54","MESSAGE":"uri /update/gauge/HeapSys/3.801088e+06 method POST duration 52.215µs status 200 size 47 content application/json %!(EXTRA string={\"id\":\"HeapSys\",\"type\":\"gauge\",\"value\":3801088})"}
{"LEVEL":"INFO","TIME":"2023-10-30T01:52:44.629+0300","CALLER":"routes/middelware.go:54","MESSAGE":"uri /update/gauge/NextGC/4.194304e+06 method POST duration 32.747µs status 200 size 46 content application/json %!(EXTRA string={\"id\":\"NextGC\",\"type\":\"gauge\",\"value\":4194304})"}
{"LEVEL":"INFO","TIME":"2023-10-30T01:52:44.629+0300","CALLER":"routes/middelware.go:54","MESSAGE":"uri /update/gauge/NumForcedGC/0 method POST duration 31.42µs status 200 size 45 content application/json %!(EXTRA string={\"id\":\"NumForcedGC\",\"type\":\"gauge\",\"value\":0})"}
{"LEVEL":"INFO","TIME":"2023-10-30T01:52:44.630+0300","CALLER":"routes/middelware.go:54","MESSAGE":"uri /update/gauge/RandomValue/7.1885709359349015 method POST duration 68.983µs status 200 size 62 content application/json %!(EXTRA string={\"id\":\"RandomValue\",\"type\":\"gauge\",\"value\":7.1885709359349015})"}
{"LEVEL":"INFO","TIME":"2023-10-30T01:52:44.630+0300","CALLER":"routes/middelware.go:54","MESSAGE":"uri /update/gauge/MSpanInuse/30384 method POST duration 37.716µs status 200 size 48 content application/json %!(EXTRA string={\"id\":\"MSpanInuse\",\"type\":\"gauge\",\"value\":30384})"}
{"LEVEL":"INFO","TIME":"2023-10-30T01:52:44.630+0300","CALLER":"routes/middelware.go:54","MESSAGE":"uri /update/gauge/HeapObjects/955 method POST duration 30.866µs status 200 size 47 content application/json %!(EXTRA string={\"id\":\"HeapObjects\",\"type\":\"gauge\",\"value\":955})"}
{"LEVEL":"INFO","TIME":"2023-10-30T01:52:44.631+0300","CALLER":"routes/middelware.go:54","MESSAGE":"uri /update/gauge/StackSys/393216 method POST duration 74.12µs status 200 size 47 content application/json %!(EXTRA string={\"id\":\"StackSys\",\"type\":\"gauge\",\"value\":393216})"}
{"LEVEL":"INFO","TIME":"2023-10-30T01:52:44.631+0300","CALLER":"routes/middelware.go:54","MESSAGE":"uri /update/gauge/HeapInuse/843776 method POST duration 33.083µs status 200 size 48 content application/json %!(EXTRA string={\"id\":\"HeapInuse\",\"type\":\"gauge\",\"value\":843776})"}
{"LEVEL":"INFO","TIME":"2023-10-30T01:52:44.631+0300","CALLER":"routes/middelware.go:54","MESSAGE":"uri /update/gauge/HeapReleased/2.924544e+06 method POST duration 47.291µs status 200 size 52 content application/json %!(EXTRA string={\"id\":\"HeapReleased\",\"type\":\"gauge\",\"value\":2924544})"}
{"LEVEL":"INFO","TIME":"2023-10-30T01:52:44.632+0300","CALLER":"routes/middelware.go:54","MESSAGE":"uri /update/gauge/StackInuse/393216 method POST duration 35.435µs status 200 size 49 content application/json %!(EXTRA string={\"id\":\"StackInuse\",\"type\":\"gauge\",\"value\":393216})"}
{"LEVEL":"INFO","TIME":"2023-10-30T01:52:44.632+0300","CALLER":"routes/middelware.go:54","MESSAGE":"uri /update/gauge/TotalAlloc/212936 method POST duration 30.709µs status 200 size 49 content application/json %!(EXTRA string={\"id\":\"TotalAlloc\",\"type\":\"gauge\",\"value\":212936})"}
{"LEVEL":"INFO","TIME":"2023-10-30T01:52:44.632+0300","CALLER":"routes/middelware.go:54","MESSAGE":"uri /update/gauge/Alloc/212936 method POST duration 28.598µs status 200 size 44 content application/json %!(EXTRA string={\"id\":\"Alloc\",\"type\":\"gauge\",\"value\":212936})"}
{"LEVEL":"INFO","TIME":"2023-10-30T01:52:44.633+0300","CALLER":"routes/middelware.go:54","MESSAGE":"uri /update/gauge/Lookups/0 method POST duration 70.854µs status 200 size 41 content application/json %!(EXTRA string={\"id\":\"Lookups\",\"type\":\"gauge\",\"value\":0})"}
{"LEVEL":"INFO","TIME":"2023-10-30T01:52:44.633+0300","CALLER":"routes/middelware.go:54","MESSAGE":"uri /update/gauge/MCacheInuse/4800 method POST duration 30.315µs status 200 size 48 content application/json %!(EXTRA string={\"id\":\"MCacheInuse\",\"type\":\"gauge\",\"value\":4800})"}
{"LEVEL":"INFO","TIME":"2023-10-30T01:52:44.633+0300","CALLER":"routes/middelware.go:54","MESSAGE":"uri /update/gauge/MSpanSys/32544 method POST duration 40.257µs status 200 size 46 content application/json %!(EXTRA string={\"id\":\"MSpanSys\",\"type\":\"gauge\",\"value\":32544})"}
{"LEVEL":"INFO","TIME":"2023-10-30T01:52:44.634+0300","CALLER":"routes/middelware.go:54","MESSAGE":"uri /update/gauge/NumGC/0 method POST duration 42.175µs status 200 size 39 content application/json %!(EXTRA string={\"id\":\"NumGC\",\"type\":\"gauge\",\"value\":0})"}
{"LEVEL":"INFO","TIME":"2023-10-30T01:52:44.634+0300","CALLER":"routes/middelware.go:54","MESSAGE":"uri /update/gauge/Sys/1.2958736e+07 method POST duration 47.725µs status 200 size 44 content application/json %!(EXTRA string={\"id\":\"Sys\",\"type\":\"gauge\",\"value\":12958736})"}
{"LEVEL":"INFO","TIME":"2023-10-30T01:52:44.634+0300","CALLER":"routes/middelware.go:54","MESSAGE":"uri /update/gauge/HeapAlloc/212936 method POST duration 26.475µs status 200 size 48 content application/json %!(EXTRA string={\"id\":\"HeapAlloc\",\"type\":\"gauge\",\"value\":212936})"}
{"LEVEL":"INFO","TIME":"2023-10-30T01:52:44.634+0300","CALLER":"routes/middelware.go:54","MESSAGE":"uri /update/gauge/HeapIdle/2.957312e+06 method POST duration 27.329µs status 200 size 48 content application/json %!(EXTRA string={\"id\":\"HeapIdle\",\"type\":\"gauge\",\"value\":2957312})"}
{"LEVEL":"INFO","TIME":"2023-10-30T01:52:44.635+0300","CALLER":"routes/middelware.go:54","MESSAGE":"uri /update/gauge/LastGC/0 method POST duration 45.25µs status 200 size 40 content application/json %!(EXTRA string={\"id\":\"LastGC\",\"type\":\"gauge\",\"value\":0})"}
{"LEVEL":"INFO","TIME":"2023-10-30T01:52:44.635+0300","CALLER":"routes/middelware.go:54","MESSAGE":"uri /update/gauge/Mallocs/969 method POST duration 55.547µs status 200 size 43 content application/json %!(EXTRA string={\"id\":\"Mallocs\",\"type\":\"gauge\",\"value\":969})"}
{"LEVEL":"INFO","TIME":"2023-10-30T01:52:44.635+0300","CALLER":"routes/middelware.go:54","MESSAGE":"uri /update/gauge/BuckHashSys/3965 method POST duration 29.497µs status 200 size 48 content application/json %!(EXTRA string={\"id\":\"BuckHashSys\",\"type\":\"gauge\",\"value\":3965})"}
{"LEVEL":"INFO","TIME":"2023-10-30T01:52:44.636+0300","CALLER":"routes/middelware.go:54","MESSAGE":"uri /update/gauge/GCSys/7.993912e+06 method POST duration 33.084µs status 200 size 45 content application/json %!(EXTRA string={\"id\":\"GCSys\",\"type\":\"gauge\",\"value\":7993912})"}
{"LEVEL":"INFO","TIME":"2023-10-30T01:52:44.636+0300","CALLER":"routes/middelware.go:54","MESSAGE":"uri /update/gauge/MCacheSys/15600 method POST duration 44.719µs status 200 size 47 content application/json %!(EXTRA string={\"id\":\"MCacheSys\",\"type\":\"gauge\",\"value\":15600})"}
{"LEVEL":"INFO","TIME":"2023-10-30T01:52:44.636+0300","CALLER":"routes/middelware.go:54","MESSAGE":"uri /update/gauge/OtherSys/718411 method POST duration 50.134µs status 200 size 47 content application/json %!(EXTRA string={\"id\":\"OtherSys\",\"type\":\"gauge\",\"value\":718411})"}
{"LEVEL":"INFO","TIME":"2023-10-30T01:52:44.637+0300","CALLER":"routes/middelware.go:54","MESSAGE":"uri /update/counter/PollCount/5 method POST duration 28.363µs status 200 size 45 content application/json %!(EXTRA string={\"id\":\"PollCount\",\"type\":\"counter\",\"delta\":5})"}
{"LEVEL":"INFO","TIME":"2023-10-30T01:52:54.638+0300","CALLER":"routes/middelware.go:54","MESSAGE":"uri /update/gauge/NextGC/4.194304e+06 method POST duration 56.235µs status 200 size 46 content application/json %!(EXTRA string={\"id\":\"NextGC\",\"type\":\"gauge\",\"value\":4194304})"}
{"LEVEL":"INFO","TIME":"2023-10-30T01:52:54.638+0300","CALLER":"routes/middelware.go:54","MESSAGE":"uri /update/gauge/NumForcedGC/0 method POST duration 31.899µs status 200 size 45 content application/json %!(EXTRA string={\"id\":\"NumForcedGC\",\"type\":\"gauge\",\"value\":0})"}
{"LEVEL":"INFO","TIME":"2023-10-30T01:52:54.638+0300","CALLER":"routes/middelware.go:54","MESSAGE":"uri /update/gauge/RandomValue/6.5045593029264355 method POST duration 41.465µs status 200 size 62 content application/json %!(EXTRA string={\"id\":\"RandomValue\",\"type\":\"gauge\",\"value\":6.5045593029264355})"}
{"LEVEL":"INFO","TIME":"2023-10-30T01:52:54.639+0300","CALLER":"routes/middelware.go:54","MESSAGE":"uri /update/gauge/HeapSys/3.76832e+06 method POST duration 26.599µs status 200 size 47 content application/json %!(EXTRA string={\"id\":\"HeapSys\",\"type\":\"gauge\",\"value\":3768320})"}
{"LEVEL":"INFO","TIME":"2023-10-30T01:52:54.639+0300","CALLER":"routes/middelware.go:54","MESSAGE":"uri /update/gauge/MSpanInuse/39600 method POST duration 27.473µs status 200 size 48 content application/json %!(EXTRA string={\"id\":\"MSpanInuse\",\"type\":\"gauge\",\"value\":39600})"}
{"LEVEL":"INFO","TIME":"2023-10-30T01:52:54.639+0300","CALLER":"routes/middelware.go:54","MESSAGE":"uri /update/gauge/StackSys/425984 method POST duration 29.255µs status 200 size 47 content application/json %!(EXTRA string={\"id\":\"StackSys\",\"type\":\"gauge\",\"value\":425984})"}
{"LEVEL":"INFO","TIME":"2023-10-30T01:52:54.640+0300","CALLER":"routes/middelware.go:54","MESSAGE":"uri /update/gauge/HeapObjects/3788 method POST duration 54.115µs status 200 size 48 content application/json %!(EXTRA string={\"id\":\"HeapObjects\",\"type\":\"gauge\",\"value\":3788})"}
{"LEVEL":"INFO","TIME":"2023-10-30T01:52:54.640+0300","CALLER":"routes/middelware.go:54","MESSAGE":"uri /update/gauge/HeapReleased/2.4576e+06 method POST duration 27.099µs status 200 size 52 content application/json %!(EXTRA string={\"id\":\"HeapReleased\",\"type\":\"gauge\",\"value\":2457600})"}
{"LEVEL":"INFO","TIME":"2023-10-30T01:52:54.640+0300","CALLER":"routes/middelware.go:54","MESSAGE":"uri /update/gauge/StackInuse/425984 method POST duration 45µs status 200 size 49 content application/json %!(EXTRA string={\"id\":\"StackInuse\",\"type\":\"gauge\",\"value\":425984})"}
{"LEVEL":"INFO","TIME":"2023-10-30T01:52:54.641+0300","CALLER":"routes/middelware.go:54","MESSAGE":"uri /update/gauge/TotalAlloc/573280 method POST duration 27.281µs status 200 size 49 content application/json %!(EXTRA string={\"id\":\"TotalAlloc\",\"type\":\"gauge\",\"value\":573280})"}
{"LEVEL":"INFO","TIME":"2023-10-30T01:52:54.641+0300","CALLER":"routes/middelware.go:54","MESSAGE":"uri /update/gauge/HeapInuse/1.31072e+06 method POST duration 64.363µs status 200 size 49 content application/json %!(EXTRA string={\"id\":\"HeapInuse\",\"type\":\"gauge\",\"value\":1310720})"}
{"LEVEL":"INFO","TIME":"2023-10-30T01:52:54.641+0300","CALLER":"routes/middelware.go:54","MESSAGE":"uri /update/gauge/Lookups/0 method POST duration 26.34µs status 200 size 41 content application/json %!(EXTRA string={\"id\":\"Lookups\",\"type\":\"gauge\",\"value\":0})"}
{"LEVEL":"INFO","TIME":"2023-10-30T01:52:54.642+0300","CALLER":"routes/middelware.go:54","MESSAGE":"uri /update/gauge/MCacheInuse/4800 method POST duration 33.097µs status 200 size 48 content application/json %!(EXTRA string={\"id\":\"MCacheInuse\",\"type\":\"gauge\",\"value\":4800})"}
{"LEVEL":"INFO","TIME":"2023-10-30T01:52:54.642+0300","CALLER":"routes/middelware.go:54","MESSAGE":"uri /update/gauge/MSpanSys/48816 method POST duration 49.776µs status 200 size 46 content application/json %!(EXTRA string={\"id\":\"MSpanSys\",\"type\":\"gauge\",\"value\":48816})"}
{"LEVEL":"INFO","TIME":"2023-10-30T01:52:54.642+0300","CALLER":"routes/middelware.go:54","MESSAGE":"uri /update/gauge/NumGC/0 method POST duration 28.894µs status 200 size 39 content application/json %!(EXTRA string={\"id\":\"NumGC\",\"type\":\"gauge\",\"value\":0})"}
{"LEVEL":"INFO","TIME":"2023-10-30T01:52:54.643+0300","CALLER":"routes/middelware.go:54","MESSAGE":"uri /update/gauge/Sys/1.3483024e+07 method POST duration 27.953µs status 200 size 44 content application/json %!(EXTRA string={\"id\":\"Sys\",\"type\":\"gauge\",\"value\":13483024})"}
{"LEVEL":"INFO","TIME":"2023-10-30T01:52:54.643+0300","CALLER":"routes/middelware.go:54","MESSAGE":"uri /update/gauge/Alloc/573280 method POST duration 53.247µs status 200 size 44 content application/json %!(EXTRA string={\"id\":\"Alloc\",\"type\":\"gauge\",\"value\":573280})"}
{"LEVEL":"INFO","TIME":"2023-10-30T01:52:54.643+0300","CALLER":"routes/middelware.go:54","MESSAGE":"uri /update/gauge/HeapIdle/2.4576e+06 method POST duration 26.513µs status 200 size 48 content application/json %!(EXTRA string={\"id\":\"HeapIdle\",\"type\":\"gauge\",\"value\":2457600})"}
{"LEVEL":"INFO","TIME":"2023-10-30T01:52:54.644+0300","CALLER":"routes/middelware.go:54","MESSAGE":"uri /update/gauge/LastGC/0 method POST duration 31.829µs status 200 size 40 content application/json %!(EXTRA string={\"id\":\"LastGC\",\"type\":\"gauge\",\"value\":0})"}
{"LEVEL":"INFO","TIME":"2023-10-30T01:52:54.644+0300","CALLER":"routes/middelware.go:54","MESSAGE":"uri /update/gauge/Mallocs/3942 method POST duration 49.005µs status 200 size 44 content application/json %!(EXTRA string={\"id\":\"Mallocs\",\"type\":\"gauge\",\"value\":3942})"}
{"LEVEL":"INFO","TIME":"2023-10-30T01:52:54.645+0300","CALLER":"routes/middelware.go:54","MESSAGE":"uri /update/gauge/HeapAlloc/573280 method POST duration 55.827µs status 200 size 48 content application/json %!(EXTRA string={\"id\":\"HeapAlloc\",\"type\":\"gauge\",\"value\":573280})"}
{"LEVEL":"INFO","TIME":"2023-10-30T01:52:54.645+0300","CALLER":"routes/middelware.go:54","MESSAGE":"uri /update/gauge/GCSys/8.06176e+06 method POST duration 35.657µs status 200 size 45 content application/json %!(EXTRA string={\"id\":\"GCSys\",\"type\":\"gauge\",\"value\":8061760})"}
{"LEVEL":"INFO","TIME":"2023-10-30T01:52:54.645+0300","CALLER":"routes/middelware.go:54","MESSAGE":"uri /update/gauge/MCacheSys/15600 method POST duration 46.834µs status 200 size 47 content application/json %!(EXTRA string={\"id\":\"MCacheSys\",\"type\":\"gauge\",\"value\":15600})"}
{"LEVEL":"INFO","TIME":"2023-10-30T01:52:54.646+0300","CALLER":"routes/middelware.go:54","MESSAGE":"uri /update/gauge/OtherSys/1.158579e+06 method POST duration 27.477µs status 200 size 48 content application/json %!(EXTRA string={\"id\":\"OtherSys\",\"type\":\"gauge\",\"value\":1158579})"}
{"LEVEL":"INFO","TIME":"2023-10-30T01:52:54.646+0300","CALLER":"routes/middelware.go:54","MESSAGE":"uri /update/gauge/BuckHashSys/3965 method POST duration 40.821µs status 200 size 48 content application/json %!(EXTRA string={\"id\":\"BuckHashSys\",\"type\":\"gauge\",\"value\":3965})"}
{"LEVEL":"INFO","TIME":"2023-10-30T01:52:54.646+0300","CALLER":"routes/middelware.go:54","MESSAGE":"uri /update/gauge/GCCPUFraction/0 method POST duration 66.175µs status 200 size 47 content application/json %!(EXTRA string={\"id\":\"GCCPUFraction\",\"type\":\"gauge\",\"value\":0})"}
{"LEVEL":"INFO","TIME":"2023-10-30T01:52:54.647+0300","CALLER":"routes/middelware.go:54","MESSAGE":"uri /update/gauge/PauseTotalNs/0 method POST duration 44.033µs status 200 size 46 content application/json %!(EXTRA string={\"id\":\"PauseTotalNs\",\"type\":\"gauge\",\"value\":0})"}
{"LEVEL":"INFO","TIME":"2023-10-30T01:52:54.647+0300","CALLER":"routes/middelware.go:54","MESSAGE":"uri /update/gauge/Frees/154 method POST duration 43.113µs status 200 size 41 content application/json %!(EXTRA string={\"id\":\"Frees\",\"type\":\"gauge\",\"value\":154})"}
{"LEVEL":"INFO","TIME":"2023-10-30T01:52:54.647+0300","CALLER":"routes/middelware.go:54","MESSAGE":"uri /update/counter/PollCount/10 method POST duration 27.149µs status 200 size 46 content application/json %!(EXTRA string={\"id\":\"PollCount\",\"type\":\"counter\",\"delta\":10})"}
