{"LEVEL":"INFO","TIME":"2023-11-01T00:30:39.973+0300","CALLER":"routes/middelware.go:153","MESSAGE":"uri /update method POST duration 209.821µs status 200 size 72 %!(EXTRA string=application/json)"}
{"LEVEL":"INFO","TIME":"2023-11-01T00:30:39.978+0300","CALLER":"routes/middelware.go:153","MESSAGE":"uri /update method POST duration 1.597271ms status 200 size 68 %!(EXTRA string=application/json)"}
{"LEVEL":"INFO","TIME":"2023-11-01T00:30:39.983+0300","CALLER":"routes/middelware.go:153","MESSAGE":"uri /update method POST duration 752.783µs status 200 size 72 %!(EXTRA string=application/json)"}
{"LEVEL":"INFO","TIME":"2023-11-01T00:30:39.986+0300","CALLER":"routes/middelware.go:153","MESSAGE":"uri /update method POST duration 943.364µs status 200 size 70 %!(EXTRA string=application/json)"}
{"LEVEL":"INFO","TIME":"2023-11-01T00:30:39.988+0300","CALLER":"routes/middelware.go:153","MESSAGE":"uri /update method POST duration 802.007µs status 200 size 72 %!(EXTRA string=application/json)"}
{"LEVEL":"INFO","TIME":"2023-11-01T00:30:39.989+0300","CALLER":"routes/middelware.go:153","MESSAGE":"uri /update method POST duration 638.843µs status 200 size 68 %!(EXTRA string=application/json)"}
{"LEVEL":"INFO","TIME":"2023-11-01T00:30:39.990+0300","CALLER":"routes/middelware.go:153","MESSAGE":"uri /update method POST duration 288.359µs status 200 size 72 %!(EXTRA string=application/json)"}
{"LEVEL":"INFO","TIME":"2023-11-01T00:30:49.993+0300","CALLER":"routes/middelware.go:153","MESSAGE":"uri /update method POST duration 358.758µs status 200 size 76 %!(EXTRA string=application/json)"}
{"LEVEL":"INFO","TIME":"2023-11-01T00:30:49.995+0300","CALLER":"routes/middelware.go:153","MESSAGE":"uri /update method POST duration 351.645µs status 200 size 72 %!(EXTRA string=application/json)"}
{"LEVEL":"INFO","TIME":"2023-11-01T00:30:49.997+0300","CALLER":"routes/middelware.go:153","MESSAGE":"uri /update method POST duration 854.257µs status 200 size 70 %!(EXTRA string=application/json)"}
{"LEVEL":"INFO","TIME":"2023-11-01T00:30:49.998+0300","CALLER":"routes/middelware.go:153","MESSAGE":"uri /update method POST duration 306.788µs status 200 size 72 %!(EXTRA string=application/json)"}
{"LEVEL":"INFO","TIME":"2023-11-01T00:30:49.999+0300","CALLER":"routes/middelware.go:153","MESSAGE":"uri /update method POST duration 371.305µs status 200 size 69 %!(EXTRA string=application/json)"}
{"LEVEL":"INFO","TIME":"2023-11-01T00:30:50.000+0300","CALLER":"routes/middelware.go:153","MESSAGE":"uri /update method POST duration 593.26µs status 200 size 72 %!(EXTRA string=application/json)"}
{"LEVEL":"INFO","TIME":"2023-11-01T00:30:50.001+0300","CALLER":"routes/middelware.go:153","MESSAGE":"uri /update method POST duration 184.03µs status 200 size 70 %!(EXTRA string=application/json)"}
{"LEVEL":"INFO","TIME":"2023-11-01T00:30:50.002+0300","CALLER":"routes/middelware.go:153","MESSAGE":"uri /update method POST duration 294.808µs status 200 size 72 %!(EXTRA string=application/json)"}
{"LEVEL":"INFO","TIME":"2023-11-01T00:30:50.003+0300","CALLER":"routes/middelware.go:153","MESSAGE":"uri /update method POST duration 885.252µs status 200 size 68 %!(EXTRA string=application/json)"}
{"LEVEL":"INFO","TIME":"2023-11-01T00:30:50.005+0300","CALLER":"routes/middelware.go:153","MESSAGE":"uri /update method POST duration 450.068µs status 200 size 72 %!(EXTRA string=application/json)"}
{"LEVEL":"INFO","TIME":"2023-11-01T00:30:50.006+0300","CALLER":"routes/middelware.go:153","MESSAGE":"uri /update method POST duration 191.244µs status 200 size 69 %!(EXTRA string=application/json)"}
{"LEVEL":"INFO","TIME":"2023-11-01T00:30:50.007+0300","CALLER":"routes/middelware.go:153","MESSAGE":"uri /update method POST duration 995.21µs status 200 size 72 %!(EXTRA string=application/json)"}
{"LEVEL":"INFO","TIME":"2023-11-01T00:30:50.008+0300","CALLER":"routes/middelware.go:153","MESSAGE":"uri /update method POST duration 137.962µs status 200 size 71 %!(EXTRA string=application/json)"}
{"LEVEL":"INFO","TIME":"2023-11-01T00:30:50.008+0300","CALLER":"routes/middelware.go:153","MESSAGE":"uri /update method POST duration 481.297µs status 200 size 72 %!(EXTRA string=application/json)"}
{"LEVEL":"INFO","TIME":"2023-11-01T00:30:50.009+0300","CALLER":"routes/middelware.go:153","MESSAGE":"uri /update method POST duration 148.149µs status 200 size 68 %!(EXTRA string=application/json)"}
{"LEVEL":"INFO","TIME":"2023-11-01T00:30:50.010+0300","CALLER":"routes/middelware.go:153","MESSAGE":"uri /update method POST duration 286.12µs status 200 size 72 %!(EXTRA string=application/json)"}
{"LEVEL":"INFO","TIME":"2023-11-01T00:30:50.011+0300","CALLER":"routes/middelware.go:153","MESSAGE":"uri /update method POST duration 159.866µs status 200 size 71 %!(EXTRA string=application/json)"}
{"LEVEL":"INFO","TIME":"2023-11-01T00:30:50.011+0300","CALLER":"routes/middelware.go:153","MESSAGE":"uri /update method POST duration 277.776µs status 200 size 72 %!(EXTRA string=application/json)"}
{"LEVEL":"INFO","TIME":"2023-11-01T00:30:50.012+0300","CALLER":"routes/middelware.go:153","MESSAGE":"uri /update method POST duration 172.534µs status 200 size 72 %!(EXTRA string=application/json)"}
{"LEVEL":"INFO","TIME":"2023-11-01T00:30:50.013+0300","CALLER":"routes/middelware.go:153","MESSAGE":"uri /update method POST duration 229.926µs status 200 size 72 %!(EXTRA string=application/json)"}
{"LEVEL":"INFO","TIME":"2023-11-01T00:30:50.014+0300","CALLER":"routes/middelware.go:153","MESSAGE":"uri /update method POST duration 356.117µs status 200 size 71 %!(EXTRA string=application/json)"}
{"LEVEL":"INFO","TIME":"2023-11-01T00:30:50.014+0300","CALLER":"routes/middelware.go:153","MESSAGE":"uri /update method POST duration 127.512µs status 200 size 72 %!(EXTRA string=application/json)"}
{"LEVEL":"INFO","TIME":"2023-11-01T00:30:50.015+0300","CALLER":"routes/middelware.go:153","MESSAGE":"uri /update method POST duration 129.312µs status 200 size 74 %!(EXTRA string=application/json)"}
{"LEVEL":"INFO","TIME":"2023-11-01T00:30:50.016+0300","CALLER":"routes/middelware.go:153","MESSAGE":"uri /update method POST duration 560.066µs status 200 size 72 %!(EXTRA string=application/json)"}
{"LEVEL":"INFO","TIME":"2023-11-01T00:30:50.017+0300","CALLER":"routes/middelware.go:153","MESSAGE":"uri /update method POST duration 160.539µs status 200 size 65 %!(EXTRA string=application/json)"}
{"LEVEL":"INFO","TIME":"2023-11-01T00:30:50.017+0300","CALLER":"routes/middelware.go:153","MESSAGE":"uri /update method POST duration 280.086µs status 200 size 72 %!(EXTRA string=application/json)"}
{"LEVEL":"INFO","TIME":"2023-11-01T00:30:50.018+0300","CALLER":"routes/middelware.go:153","MESSAGE":"uri /update method POST duration 162.697µs status 200 size 70 %!(EXTRA string=application/json)"}
{"LEVEL":"INFO","TIME":"2023-11-01T00:30:50.019+0300","CALLER":"routes/middelware.go:153","MESSAGE":"uri /update method POST duration 235.545µs status 200 size 72 %!(EXTRA string=application/json)"}
{"LEVEL":"INFO","TIME":"2023-11-01T00:30:50.020+0300","CALLER":"routes/middelware.go:153","MESSAGE":"uri /update method POST duration 820.646µs status 200 size 71 %!(EXTRA string=application/json)"}
{"LEVEL":"INFO","TIME":"2023-11-01T00:30:50.020+0300","CALLER":"routes/middelware.go:153","MESSAGE":"uri /update method POST duration 129.274µs status 200 size 72 %!(EXTRA string=application/json)"}
{"LEVEL":"INFO","TIME":"2023-11-01T00:30:50.021+0300","CALLER":"routes/middelware.go:153","MESSAGE":"uri /update method POST duration 418.701µs status 200 size 69 %!(EXTRA string=application/json)"}
{"LEVEL":"INFO","TIME":"2023-11-01T00:30:50.022+0300","CALLER":"routes/middelware.go:153","MESSAGE":"uri /update method POST duration 298.008µs status 200 size 72 %!(EXTRA string=application/json)"}
{"LEVEL":"INFO","TIME":"2023-11-01T00:30:50.024+0300","CALLER":"routes/middelware.go:153","MESSAGE":"uri /update method POST duration 1.084475ms status 200 size 63 %!(EXTRA string=application/json)"}
{"LEVEL":"INFO","TIME":"2023-11-01T00:30:50.025+0300","CALLER":"routes/middelware.go:153","MESSAGE":"uri /update method POST duration 143.315µs status 200 size 72 %!(EXTRA string=application/json)"}
{"LEVEL":"INFO","TIME":"2023-11-01T00:30:50.025+0300","CALLER":"routes/middelware.go:153","MESSAGE":"uri /update method POST duration 453.107µs status 200 size 71 %!(EXTRA string=application/json)"}
{"LEVEL":"INFO","TIME":"2023-11-01T00:30:50.027+0300","CALLER":"routes/middelware.go:153","MESSAGE":"uri /update method POST duration 744.499µs status 200 size 72 %!(EXTRA string=application/json)"}
{"LEVEL":"INFO","TIME":"2023-11-01T00:30:50.032+0300","CALLER":"routes/middelware.go:153","MESSAGE":"uri /update method POST duration 148.48µs status 200 size 81 %!(EXTRA string=application/json)"}
{"LEVEL":"INFO","TIME":"2023-11-01T00:30:50.033+0300","CALLER":"routes/middelware.go:153","MESSAGE":"uri /update method POST duration 129.134µs status 200 size 72 %!(EXTRA string=application/json)"}
{"LEVEL":"INFO","TIME":"2023-11-01T00:30:50.037+0300","CALLER":"routes/middelware.go:153","MESSAGE":"uri /update method POST duration 3.488283ms status 200 size 72 %!(EXTRA string=application/json)"}
{"LEVEL":"INFO","TIME":"2023-11-01T00:30:50.051+0300","CALLER":"routes/middelware.go:153","MESSAGE":"uri /update method POST duration 7.966031ms status 200 size 72 %!(EXTRA string=application/json)"}
{"LEVEL":"INFO","TIME":"2023-11-01T00:30:50.054+0300","CALLER":"routes/middelware.go:153","MESSAGE":"uri /update method POST duration 978.544µs status 200 size 65 %!(EXTRA string=application/json)"}
{"LEVEL":"INFO","TIME":"2023-11-01T00:30:50.055+0300","CALLER":"routes/middelware.go:153","MESSAGE":"uri /update method POST duration 181.814µs status 200 size 72 %!(EXTRA string=application/json)"}
{"LEVEL":"INFO","TIME":"2023-11-01T00:30:50.062+0300","CALLER":"routes/middelware.go:153","MESSAGE":"uri /update method POST duration 6.471543ms status 200 size 70 %!(EXTRA string=application/json)"}
{"LEVEL":"INFO","TIME":"2023-11-01T00:30:50.063+0300","CALLER":"routes/middelware.go:153","MESSAGE":"uri /update method POST duration 131.65µs status 200 size 72 %!(EXTRA string=application/json)"}
{"LEVEL":"INFO","TIME":"2023-11-01T00:30:50.064+0300","CALLER":"routes/middelware.go:153","MESSAGE":"uri /update method POST duration 178.844µs status 200 size 71 %!(EXTRA string=application/json)"}
{"LEVEL":"INFO","TIME":"2023-11-01T00:30:50.066+0300","CALLER":"routes/middelware.go:153","MESSAGE":"uri /update method POST duration 1.084266ms status 200 size 72 %!(EXTRA string=application/json)"}
{"LEVEL":"INFO","TIME":"2023-11-01T00:30:50.066+0300","CALLER":"routes/middelware.go:153","MESSAGE":"uri /update method POST duration 111.218µs status 200 size 71 %!(EXTRA string=application/json)"}
{"LEVEL":"INFO","TIME":"2023-11-01T00:30:50.067+0300","CALLER":"routes/middelware.go:153","MESSAGE":"uri /update method POST duration 477.955µs status 200 size 72 %!(EXTRA string=application/json)"}
{"LEVEL":"INFO","TIME":"2023-11-01T00:30:50.067+0300","CALLER":"routes/middelware.go:153","MESSAGE":"uri /update method POST duration 106.239µs status 200 size 70 %!(EXTRA string=application/json)"}
{"LEVEL":"INFO","TIME":"2023-11-01T00:30:50.068+0300","CALLER":"routes/middelware.go:153","MESSAGE":"uri /update method POST duration 103.624µs status 200 size 72 %!(EXTRA string=application/json)"}
{"LEVEL":"INFO","TIME":"2023-11-01T00:30:50.069+0300","CALLER":"routes/middelware.go:153","MESSAGE":"uri /update method POST duration 720.469µs status 200 size 73 %!(EXTRA string=application/json)"}
{"LEVEL":"INFO","TIME":"2023-11-01T00:30:50.070+0300","CALLER":"routes/middelware.go:153","MESSAGE":"uri /update method POST duration 187.271µs status 200 size 72 %!(EXTRA string=application/json)"}
{"LEVEL":"INFO","TIME":"2023-11-01T00:30:50.071+0300","CALLER":"routes/middelware.go:153","MESSAGE":"uri /update method POST duration 464.28µs status 200 size 64 %!(EXTRA string=application/json)"}
{"LEVEL":"INFO","TIME":"2023-11-01T00:30:50.072+0300","CALLER":"routes/middelware.go:153","MESSAGE":"uri /update method POST duration 160.731µs status 200 size 72 %!(EXTRA string=application/json)"}
{"LEVEL":"INFO","TIME":"2023-11-01T00:30:50.073+0300","CALLER":"routes/middelware.go:153","MESSAGE":"uri /update method POST duration 807.811µs status 200 size 70 %!(EXTRA string=application/json)"}
{"LEVEL":"INFO","TIME":"2023-11-01T00:30:50.074+0300","CALLER":"routes/middelware.go:153","MESSAGE":"uri /update method POST duration 244.505µs status 200 size 72 %!(EXTRA string=application/json)"}
{"LEVEL":"ERROR","TIME":"2023-11-01T00:32:45.018+0300","CALLER":"server/server.go:35","MESSAGE":"sync /dev/stdout: inappropriate ioctl for device"}
{"LEVEL":"INFO","TIME":"2023-11-01T00:32:45.018+0300","CALLER":"server/server.go:36","MESSAGE":"Start Service API Metrics"}
{"LEVEL":"INFO","TIME":"2023-11-01T00:32:45.018+0300","CALLER":"server/server.go:38","MESSAGE":"AppVersion: InfoLevel"}
{"LEVEL":"INFO","TIME":"2023-11-01T00:32:54.762+0300","CALLER":"routes/middelware.go:153","MESSAGE":"uri /update method POST duration 372.93µs status 200 size 71 %!(EXTRA string=application/json)"}
{"LEVEL":"INFO","TIME":"2023-11-01T00:32:54.763+0300","CALLER":"routes/middelware.go:153","MESSAGE":"uri /update method POST duration 384µs status 200 size 72 %!(EXTRA string=application/json)"}
{"LEVEL":"INFO","TIME":"2023-11-01T00:32:54.765+0300","CALLER":"routes/middelware.go:153","MESSAGE":"uri /update method POST duration 1.261178ms status 200 size 70 %!(EXTRA string=application/json)"}
{"LEVEL":"INFO","TIME":"2023-11-01T00:32:54.766+0300","CALLER":"routes/middelware.go:153","MESSAGE":"uri /update method POST duration 637.159µs status 200 size 72 %!(EXTRA string=application/json)"}
{"LEVEL":"INFO","TIME":"2023-11-01T00:32:54.768+0300","CALLER":"routes/middelware.go:153","MESSAGE":"uri /update method POST duration 1.302712ms status 200 size 70 %!(EXTRA string=application/json)"}
{"LEVEL":"INFO","TIME":"2023-11-01T00:32:54.769+0300","CALLER":"routes/middelware.go:153","MESSAGE":"uri /update method POST duration 128.827µs status 200 size 72 %!(EXTRA string=application/json)"}
{"LEVEL":"INFO","TIME":"2023-11-01T00:32:54.770+0300","CALLER":"routes/middelware.go:153","MESSAGE":"uri /update method POST duration 641.361µs status 200 size 71 %!(EXTRA string=application/json)"}
{"LEVEL":"INFO","TIME":"2023-11-01T00:32:54.771+0300","CALLER":"routes/middelware.go:153","MESSAGE":"uri /update method POST duration 186.47µs status 200 size 72 %!(EXTRA string=application/json)"}
{"LEVEL":"INFO","TIME":"2023-11-01T00:32:54.772+0300","CALLER":"routes/middelware.go:153","MESSAGE":"uri /update method POST duration 517.582µs status 200 size 69 %!(EXTRA string=application/json)"}
{"LEVEL":"INFO","TIME":"2023-11-01T00:32:54.773+0300","CALLER":"routes/middelware.go:153","MESSAGE":"uri /update method POST duration 141.882µs status 200 size 72 %!(EXTRA string=application/json)"}
{"LEVEL":"INFO","TIME":"2023-11-01T00:32:54.774+0300","CALLER":"routes/middelware.go:153","MESSAGE":"uri /update method POST duration 488.086µs status 200 size 64 %!(EXTRA string=application/json)"}
{"LEVEL":"INFO","TIME":"2023-11-01T00:32:54.775+0300","CALLER":"routes/middelware.go:153","MESSAGE":"uri /update method POST duration 164.617µs status 200 size 72 %!(EXTRA string=application/json)"}
{"LEVEL":"INFO","TIME":"2023-11-01T00:32:54.775+0300","CALLER":"routes/middelware.go:153","MESSAGE":"uri /update method POST duration 318.079µs status 200 size 70 %!(EXTRA string=application/json)"}
{"LEVEL":"INFO","TIME":"2023-11-01T00:32:54.776+0300","CALLER":"routes/middelware.go:153","MESSAGE":"uri /update method POST duration 125.659µs status 200 size 72 %!(EXTRA string=application/json)"}
{"LEVEL":"INFO","TIME":"2023-11-01T00:32:54.777+0300","CALLER":"routes/middelware.go:153","MESSAGE":"uri /update method POST duration 157.341µs status 200 size 70 %!(EXTRA string=application/json)"}
{"LEVEL":"INFO","TIME":"2023-11-01T00:32:54.778+0300","CALLER":"routes/middelware.go:153","MESSAGE":"uri /update method POST duration 1.299303ms status 200 size 72 %!(EXTRA string=application/json)"}
{"LEVEL":"INFO","TIME":"2023-11-01T00:32:54.779+0300","CALLER":"routes/middelware.go:153","MESSAGE":"uri /update method POST duration 149.976µs status 200 size 69 %!(EXTRA string=application/json)"}
{"LEVEL":"INFO","TIME":"2023-11-01T00:32:54.780+0300","CALLER":"routes/middelware.go:153","MESSAGE":"uri /update method POST duration 458.325µs status 200 size 72 %!(EXTRA string=application/json)"}
{"LEVEL":"INFO","TIME":"2023-11-01T00:32:54.781+0300","CALLER":"routes/middelware.go:153","MESSAGE":"uri /update method POST duration 324.888µs status 200 size 72 %!(EXTRA string=application/json)"}
{"LEVEL":"INFO","TIME":"2023-11-01T00:32:54.782+0300","CALLER":"routes/middelware.go:153","MESSAGE":"uri /update method POST duration 140.021µs status 200 size 72 %!(EXTRA string=application/json)"}
{"LEVEL":"INFO","TIME":"2023-11-01T00:32:54.782+0300","CALLER":"routes/middelware.go:153","MESSAGE":"uri /update method POST duration 196.662µs status 200 size 71 %!(EXTRA string=application/json)"}
{"LEVEL":"INFO","TIME":"2023-11-01T00:32:54.783+0300","CALLER":"routes/middelware.go:153","MESSAGE":"uri /update method POST duration 697.262µs status 200 size 72 %!(EXTRA string=application/json)"}
{"LEVEL":"INFO","TIME":"2023-11-01T00:32:54.784+0300","CALLER":"routes/middelware.go:153","MESSAGE":"uri /update method POST duration 161.908µs status 200 size 68 %!(EXTRA string=application/json)"}
{"LEVEL":"INFO","TIME":"2023-11-01T00:32:54.785+0300","CALLER":"routes/middelware.go:153","MESSAGE":"uri /update method POST duration 450.659µs status 200 size 72 %!(EXTRA string=application/json)"}
{"LEVEL":"INFO","TIME":"2023-11-01T00:32:54.786+0300","CALLER":"routes/middelware.go:153","MESSAGE":"uri /update method POST duration 171.557µs status 200 size 76 %!(EXTRA string=application/json)"}
{"LEVEL":"INFO","TIME":"2023-11-01T00:32:54.787+0300","CALLER":"routes/middelware.go:153","MESSAGE":"uri /update method POST duration 252.074µs status 200 size 72 %!(EXTRA string=application/json)"}
{"LEVEL":"INFO","TIME":"2023-11-01T00:32:54.788+0300","CALLER":"routes/middelware.go:153","MESSAGE":"uri /update method POST duration 1.391342ms status 200 size 71 %!(EXTRA string=application/json)"}
{"LEVEL":"INFO","TIME":"2023-11-01T00:32:54.789+0300","CALLER":"routes/middelware.go:153","MESSAGE":"uri /update method POST duration 224.228µs status 200 size 72 %!(EXTRA string=application/json)"}
{"LEVEL":"INFO","TIME":"2023-11-01T00:32:54.790+0300","CALLER":"routes/middelware.go:153","MESSAGE":"uri /update method POST duration 465.49µs status 200 size 68 %!(EXTRA string=application/json)"}
{"LEVEL":"INFO","TIME":"2023-11-01T00:32:54.791+0300","CALLER":"routes/middelware.go:153","MESSAGE":"uri /update method POST duration 168.515µs status 200 size 72 %!(EXTRA string=application/json)"}
{"LEVEL":"INFO","TIME":"2023-11-01T00:32:54.791+0300","CALLER":"routes/middelware.go:153","MESSAGE":"uri /update method POST duration 142.685µs status 200 size 70 %!(EXTRA string=application/json)"}
{"LEVEL":"INFO","TIME":"2023-11-01T00:32:54.792+0300","CALLER":"routes/middelware.go:153","MESSAGE":"uri /update method POST duration 587.812µs status 200 size 72 %!(EXTRA string=application/json)"}
{"LEVEL":"INFO","TIME":"2023-11-01T00:32:54.793+0300","CALLER":"routes/middelware.go:153","MESSAGE":"uri /update method POST duration 200.361µs status 200 size 70 %!(EXTRA string=application/json)"}
{"LEVEL":"INFO","TIME":"2023-11-01T00:32:54.795+0300","CALLER":"routes/middelware.go:153","MESSAGE":"uri /update method POST duration 343.626µs status 200 size 72 %!(EXTRA string=application/json)"}
{"LEVEL":"INFO","TIME":"2023-11-01T00:32:54.795+0300","CALLER":"routes/middelware.go:153","MESSAGE":"uri /update method POST duration 207.024µs status 200 size 67 %!(EXTRA string=application/json)"}
{"LEVEL":"INFO","TIME":"2023-11-01T00:32:54.797+0300","CALLER":"routes/middelware.go:153","MESSAGE":"uri /update method POST duration 1.240512ms status 200 size 72 %!(EXTRA string=application/json)"}
{"LEVEL":"INFO","TIME":"2023-11-01T00:32:54.799+0300","CALLER":"routes/middelware.go:153","MESSAGE":"uri /update method POST duration 232.643µs status 200 size 71 %!(EXTRA string=application/json)"}
{"LEVEL":"INFO","TIME":"2023-11-01T00:32:54.802+0300","CALLER":"routes/middelware.go:153","MESSAGE":"uri /update method POST duration 1.405017ms status 200 size 72 %!(EXTRA string=application/json)"}
{"LEVEL":"INFO","TIME":"2023-11-01T00:32:54.803+0300","CALLER":"routes/middelware.go:153","MESSAGE":"uri /update method POST duration 129.639µs status 200 size 71 %!(EXTRA string=application/json)"}
{"LEVEL":"INFO","TIME":"2023-11-01T00:32:54.805+0300","CALLER":"routes/middelware.go:153","MESSAGE":"uri /update method POST duration 354.751µs status 200 size 72 %!(EXTRA string=application/json)"}
{"LEVEL":"INFO","TIME":"2023-11-01T00:32:54.807+0300","CALLER":"routes/middelware.go:153","MESSAGE":"uri /update method POST duration 1.009421ms status 200 size 65 %!(EXTRA string=application/json)"}
{"LEVEL":"INFO","TIME":"2023-11-01T00:32:54.807+0300","CALLER":"routes/middelware.go:153","MESSAGE":"uri /update method POST duration 125.591µs status 200 size 72 %!(EXTRA string=application/json)"}
{"LEVEL":"INFO","TIME":"2023-11-01T00:32:54.808+0300","CALLER":"routes/middelware.go:153","MESSAGE":"uri /update method POST duration 355.336µs status 200 size 81 %!(EXTRA string=application/json)"}
{"LEVEL":"INFO","TIME":"2023-11-01T00:32:54.809+0300","CALLER":"routes/middelware.go:153","MESSAGE":"uri /update method POST duration 141.588µs status 200 size 72 %!(EXTRA string=application/json)"}
{"LEVEL":"INFO","TIME":"2023-11-01T00:32:54.809+0300","CALLER":"routes/middelware.go:153","MESSAGE":"uri /update method POST duration 140.556µs status 200 size 72 %!(EXTRA string=application/json)"}
{"LEVEL":"INFO","TIME":"2023-11-01T00:32:54.811+0300","CALLER":"routes/middelware.go:153","MESSAGE":"uri /update method POST duration 1.274234ms status 200 size 72 %!(EXTRA string=application/json)"}
{"LEVEL":"INFO","TIME":"2023-11-01T00:32:54.812+0300","CALLER":"routes/middelware.go:153","MESSAGE":"uri /update method POST duration 613.32µs status 200 size 64 %!(EXTRA string=application/json)"}
{"LEVEL":"INFO","TIME":"2023-11-01T00:32:54.817+0300","CALLER":"routes/middelware.go:153","MESSAGE":"uri /update method POST duration 396.202µs status 200 size 72 %!(EXTRA string=application/json)"}
{"LEVEL":"INFO","TIME":"2023-11-01T00:32:54.818+0300","CALLER":"routes/middelware.go:153","MESSAGE":"uri /update method POST duration 227.824µs status 200 size 70 %!(EXTRA string=application/json)"}
{"LEVEL":"INFO","TIME":"2023-11-01T00:32:54.820+0300","CALLER":"routes/middelware.go:153","MESSAGE":"uri /update method POST duration 836.333µs status 200 size 72 %!(EXTRA string=application/json)"}
{"LEVEL":"INFO","TIME":"2023-11-01T00:32:54.824+0300","CALLER":"routes/middelware.go:153","MESSAGE":"uri /update method POST duration 1.986208ms status 200 size 71 %!(EXTRA string=application/json)"}
{"LEVEL":"INFO","TIME":"2023-11-01T00:32:54.825+0300","CALLER":"routes/middelware.go:153","MESSAGE":"uri /update method POST duration 981.001µs status 200 size 72 %!(EXTRA string=application/json)"}
{"LEVEL":"INFO","TIME":"2023-11-01T00:32:54.826+0300","CALLER":"routes/middelware.go:153","MESSAGE":"uri /update method POST duration 142.345µs status 200 size 63 %!(EXTRA string=application/json)"}
{"LEVEL":"INFO","TIME":"2023-11-01T00:32:54.826+0300","CALLER":"routes/middelware.go:153","MESSAGE":"uri /update method POST duration 361.75µs status 200 size 72 %!(EXTRA string=application/json)"}
{"LEVEL":"INFO","TIME":"2023-11-01T00:32:54.827+0300","CALLER":"routes/middelware.go:153","MESSAGE":"uri /update method POST duration 104.889µs status 200 size 73 %!(EXTRA string=application/json)"}
{"LEVEL":"INFO","TIME":"2023-11-01T00:32:54.828+0300","CALLER":"routes/middelware.go:153","MESSAGE":"uri /update method POST duration 213.158µs status 200 size 72 %!(EXTRA string=application/json)"}
